t=2020-08-27T18:31:44-0400 lvl=info msg="Starting Grafana" logger=server version=7.1.0-pre commit=e236506db5 branch=master compiled=2020-07-04T18:21:48-0400
t=2020-08-27T18:31:44-0400 lvl=info msg="Config loaded from" logger=settings file=D:\\Projects\\SQLAtlas\\distribution\\assets\\gui\\/conf/defaults.ini
t=2020-08-27T18:31:44-0400 lvl=info msg="Path Home" logger=settings path=D:\\Projects\\SQLAtlas\\distribution\\assets\\gui\\
t=2020-08-27T18:31:44-0400 lvl=info msg="Path Data" logger=settings path=D:\\Projects\\SQLAtlas\\distribution\\assets\\gui\\data
t=2020-08-27T18:31:44-0400 lvl=info msg="Path Logs" logger=settings path=D:\\Projects\\SQLAtlas\\distribution\\assets\\gui\\data\\log
t=2020-08-27T18:31:44-0400 lvl=info msg="Path Plugins" logger=settings path=D:\\Projects\\SQLAtlas\\distribution\\assets\\gui\\data\\plugins
t=2020-08-27T18:31:44-0400 lvl=info msg="Path Provisioning" logger=settings path=D:\\Projects\\SQLAtlas\\distribution\\assets\\gui\\conf\\provisioning
t=2020-08-27T18:31:44-0400 lvl=info msg="App mode production" logger=settings
t=2020-08-27T18:31:44-0400 lvl=info msg="Connecting to DB" logger=sqlstore dbtype=sqlite3
t=2020-08-27T18:31:44-0400 lvl=info msg="Starting DB migration" logger=migrator
t=2020-08-27T18:31:44-0400 lvl=info msg="Starting plugin search" logger=plugins
t=2020-08-27T18:31:44-0400 lvl=warn msg="Plugin missing module.js" logger=plugins name="Direct Input" warning="Missing module.js, If you loaded this plugin from git, make sure to compile it." path=D:\\Projects\\SQLAtlas\\distribution\\assets\\gui\\plugins-bundled\\internal\\input-datasource\\src\\module.js
t=2020-08-27T18:31:44-0400 lvl=info msg="Registering plugin" logger=plugins name="Direct Input"
t=2020-08-27T18:31:44-0400 lvl=info msg="HTTP Server Listen" logger=http.server address=[::]:3000 protocol=http subUrl= socket=
t=2020-10-30T21:26:20-0700 lvl=eror msg="Failed to detect generated javascript files in public/build" logger=settings
t=2020-10-30T21:26:20-0700 lvl=info msg="Starting Grafana" logger=server version=7.1.0-pre commit=e236506db5 branch=master compiled=2020-07-04T15:21:48-0700
t=2020-10-30T21:26:20-0700 lvl=info msg="Config loaded from" logger=settings file=C:\\Users\\Administrator\\Downloads\\distribution\\assets\\gui\\/conf/defaults.ini
t=2020-10-30T21:26:20-0700 lvl=info msg="Path Home" logger=settings path=C:\\Users\\Administrator\\Downloads\\distribution\\assets\\gui\\
t=2020-10-30T21:26:20-0700 lvl=info msg="Path Data" logger=settings path=C:\\Users\\Administrator\\Downloads\\distribution\\assets\\gui\\data
t=2020-10-30T21:26:20-0700 lvl=info msg="Path Logs" logger=settings path=C:\\Users\\Administrator\\Downloads\\distribution\\assets\\gui\\data\\log
t=2020-10-30T21:26:20-0700 lvl=info msg="Path Plugins" logger=settings path=C:\\Users\\Administrator\\Downloads\\distribution\\assets\\gui\\data\\plugins
t=2020-10-30T21:26:20-0700 lvl=info msg="Path Provisioning" logger=settings path=C:\\Users\\Administrator\\Downloads\\distribution\\assets\\gui\\conf\\provisioning
t=2020-10-30T21:26:20-0700 lvl=info msg="App mode production" logger=settings
t=2020-10-30T21:26:20-0700 lvl=info msg="Connecting to DB" logger=sqlstore dbtype=sqlite3
t=2020-10-30T21:26:20-0700 lvl=info msg="Starting DB migration" logger=migrator
t=2020-10-30T21:26:20-0700 lvl=info msg="Starting plugin search" logger=plugins
t=2020-10-30T21:26:21-0700 lvl=warn msg="Plugin missing module.js" logger=plugins name="Direct Input" warning="Missing module.js, If you loaded this plugin from git, make sure to compile it." path=C:\\Users\\Administrator\\Downloads\\distribution\\assets\\gui\\plugins-bundled\\internal\\input-datasource\\src\\module.js
t=2020-10-30T21:26:21-0700 lvl=info msg="Registering plugin" logger=plugins name="Direct Input"
t=2020-10-30T21:26:21-0700 lvl=info msg="External plugins directory created" logger=plugins directory=C:\\Users\\Administrator\\Downloads\\distribution\\assets\\gui\\data\\plugins
t=2020-10-30T21:26:22-0700 lvl=info msg="HTTP Server Listen" logger=http.server address=[::]:3000 protocol=http subUrl= socket=
t=2020-10-30T21:26:41-0700 lvl=info msg="Shutdown started" logger=server reason="System signal: terminated"
t=2020-10-30T21:26:41-0700 lvl=info msg="Stopped Stream Manager"
